<?xml version="1.0" encoding="UTF-8"?>
<robot generator="Robot 6.0.2 (Python 3.11.3 on win32)" generated="20230514 22:18:11.171" rpa="false" schemaversion="3">
<suite id="s1" name="RoboticAutomation" source="C:\Users\SaiSwaroop\PycharmProjects\RoboticAutomation">
<suite id="s1-s1" name="Test" source="C:\Users\SaiSwaroop\PycharmProjects\RoboticAutomation\test">
<suite id="s1-s1-s1" name="testDemo1" source="C:\Users\SaiSwaroop\PycharmProjects\RoboticAutomation\test\testDemo1.robot">
<test id="s1-s1-s1-t1" name="validate successful login" line="7">
<kw name="open the browser with the mortgage payment url">
<kw name="Create Webdriver" library="SeleniumLibrary">
<arg>Chrome</arg>
<arg>executable_path=C:\Users\SaiSwaroop\Downloads\chromedriver_win32</arg>
<doc>Creates an instance of Selenium WebDriver.</doc>
<msg timestamp="20230514 22:18:11.488" level="INFO">Creating an instance of the Chrome WebDriver.</msg>
<msg timestamp="20230514 22:18:11.488" level="INFO">Applicable driver not found; attempting to install with Selenium Manager (Beta)</msg>
<status status="PASS" starttime="20230514 22:18:11.487" endtime="20230514 22:18:12.757"/>
</kw>
<kw name="Go To" library="SeleniumLibrary">
<arg>https://rahulshettyacademy.com/loginpagePractise/</arg>
<doc>Navigates the current browser window to the provided ``url``.</doc>
<msg timestamp="20230514 22:18:12.758" level="INFO">Opening url 'https://rahulshettyacademy.com/loginpagePractise/'</msg>
<status status="PASS" starttime="20230514 22:18:12.757" endtime="20230514 22:18:13.405"/>
</kw>
<status status="PASS" starttime="20230514 22:18:11.487" endtime="20230514 22:18:13.405"/>
</kw>
<kw name="Fill the login form">
<kw name="Input Text" library="SeleniumLibrary">
<arg>username</arg>
<arg>saiswaroop</arg>
<doc>Types the given ``text`` into the text field identified by ``locator``.</doc>
<msg timestamp="20230514 22:18:13.407" level="INFO">Typing text 'saiswaroop' into text field 'username'.</msg>
<status status="PASS" starttime="20230514 22:18:13.406" endtime="20230514 22:18:13.572"/>
</kw>
<kw name="Input Password" library="SeleniumLibrary">
<arg>password</arg>
<arg>swaroop</arg>
<doc>Types the given password into the text field identified by ``locator``.</doc>
<msg timestamp="20230514 22:18:13.573" level="INFO">Typing password into text field 'password'.</msg>
<msg timestamp="20230514 22:18:13.607" level="INFO">Temporally setting log level to: NONE</msg>
<msg timestamp="20230514 22:18:13.648" level="INFO">Log level changed from NONE to INFO.</msg>
<status status="PASS" starttime="20230514 22:18:13.573" endtime="20230514 22:18:13.648"/>
</kw>
<kw name="Click Button" library="SeleniumLibrary">
<arg>signInBtn</arg>
<doc>Clicks the button identified by ``locator``.</doc>
<msg timestamp="20230514 22:18:13.648" level="INFO">Clicking button 'signInBtn'.</msg>
<status status="PASS" starttime="20230514 22:18:13.648" endtime="20230514 22:18:13.703"/>
</kw>
<status status="PASS" starttime="20230514 22:18:13.406" endtime="20230514 22:18:13.703"/>
</kw>
<status status="PASS" starttime="20230514 22:18:11.487" endtime="20230514 22:18:13.703"/>
</test>
<doc>To validate login form</doc>
<status status="PASS" starttime="20230514 22:18:11.197" endtime="20230514 22:18:13.705"/>
</suite>
<status status="PASS" starttime="20230514 22:18:11.195" endtime="20230514 22:18:13.706"/>
</suite>
<status status="PASS" starttime="20230514 22:18:11.172" endtime="20230514 22:18:13.707"/>
</suite>
<statistics>
<total>
<stat pass="1" fail="0" skip="0">All Tests</stat>
</total>
<tag>
</tag>
<suite>
<stat pass="1" fail="0" skip="0" id="s1" name="RoboticAutomation">RoboticAutomation</stat>
<stat pass="1" fail="0" skip="0" id="s1-s1" name="Test">RoboticAutomation.Test</stat>
<stat pass="1" fail="0" skip="0" id="s1-s1-s1" name="testDemo1">RoboticAutomation.Test.testDemo1</stat>
</suite>
</statistics>
<errors>
</errors>
</robot>
